<?xml version="1.0" encoding="UTF-8"?>
<!-- Generated by org.testng.reporters.JUnitReportReporter -->
<testsuite hostname="DESKTOP-C15UF23" failures="0" tests="1" name="SmartBuyDiscount" time="0.217" errors="0" timestamp="2022-11-28T18:48:37 EET" skipped="0">
  <testcase classname="SmartBuyDiscount" name="Descount" time="0.217"/>
  <system-out/>
</testsuite> <!-- SmartBuyDiscount -->
